<?xml version="1.0" encoding="UTF-8"?>
<testsuite name="StringCalcTest" tests="1" skipped="0" failures="0" errors="0" timestamp="2020-01-30T13:54:26" hostname="recruit-Lenovo-Product" time="0.019">
  <properties/>
  <testcase name="except()" classname="StringCalcTest" time="0.019"/>
  <system-out><![CDATA[]]></system-out>
  <system-err><![CDATA[]]></system-err>
</testsuite>
